2020-03-06 11:28:33,090 INFO: add items into cart
2020-03-06 11:28:33,090 INFO: select all items
2020-03-06 11:28:33,090 INFO: add items into cart
2020-03-06 11:28:33,090 INFO: select all itmes and 
2020-03-06 11:28:33,090 INFO: settlement
2020-03-06 11:28:33,091 INFO: submit order
2020-03-06 14:48:43,508 INFO: add items into cart
2020-03-06 14:48:43,508 INFO: select all items
2020-03-06 14:48:43,508 INFO: add items into cart
2020-03-06 14:48:43,508 INFO: select all itmes and 
2020-03-06 14:48:43,508 INFO: settlement
2020-03-06 14:48:43,508 INFO: submit order
2020-03-06 14:49:46,076 INFO: add items into cart
2020-03-06 14:49:46,076 INFO: select all items
2020-03-06 14:49:46,076 INFO: add items into cart
2020-03-06 14:49:46,076 INFO: select all itmes and 
2020-03-06 14:49:46,076 INFO: settlement
2020-03-06 14:49:46,076 INFO: submit order
2020-03-06 14:50:12,990 INFO: add items into cart
2020-03-06 14:50:12,990 INFO: select all items
2020-03-06 14:50:12,990 INFO: add items into cart
2020-03-06 14:50:12,990 INFO: select all itmes and 
2020-03-06 14:50:12,990 INFO: settlement
2020-03-06 14:50:12,990 INFO: submit order
2020-03-06 15:24:52,304 INFO: add items into cart
2020-03-06 15:24:52,304 INFO: select all items
2020-03-06 15:24:52,304 INFO: add items into cart
2020-03-06 15:24:52,304 INFO: select all itmes and 
2020-03-06 15:24:52,304 INFO: settlement
2020-03-06 15:24:52,304 INFO: submit order
2020-03-06 15:25:04,094 INFO: add items into cart
2020-03-06 15:25:04,095 INFO: select all items
2020-03-06 15:25:04,095 INFO: add items into cart
2020-03-06 15:25:04,095 INFO: select all itmes and 
2020-03-06 15:25:04,095 INFO: settlement
2020-03-06 15:25:04,095 INFO: submit order
2020-03-06 15:25:23,782 INFO: add items into cart
2020-03-06 15:25:23,782 INFO: select all items
2020-03-06 15:25:23,782 INFO: add items into cart
2020-03-06 15:25:23,782 INFO: select all itmes and 
2020-03-06 15:25:23,782 INFO: settlement
2020-03-06 15:25:23,782 INFO: submit order
2020-03-06 15:33:31,849 INFO: select all items
2020-03-06 15:33:31,849 INFO: add items into cart
2020-03-06 15:33:31,849 INFO: select all itmes and 
2020-03-06 15:33:31,849 INFO: settlement
2020-03-06 15:33:31,849 INFO: submit order
2020-03-06 15:35:52,381 INFO: select all items
2020-03-06 15:35:52,381 INFO: add items into cart
2020-03-06 15:35:52,381 INFO: select all itmes and 
2020-03-06 15:35:52,381 INFO: settlement
2020-03-06 15:35:52,381 INFO: submit order
2020-03-06 15:37:04,725 INFO: start to get qrcode
2020-03-06 15:37:04,835 INFO: select all items
2020-03-06 15:37:04,835 INFO: add items into cart
2020-03-06 15:37:04,835 INFO: select all itmes and 
2020-03-06 15:37:04,835 INFO: settlement
2020-03-06 15:37:04,835 INFO: submit order
2020-03-06 15:38:33,954 INFO: start to get qrcode
2020-03-06 15:38:34,082 INFO: select all items
2020-03-06 15:38:34,082 INFO: add items into cart
2020-03-06 15:38:34,082 INFO: select all itmes and 
2020-03-06 15:38:34,082 INFO: settlement
2020-03-06 15:38:34,082 INFO: submit order
2020-03-06 15:44:52,581 INFO: start to get qrcode
2020-03-06 17:16:29,927 INFO: start to get qrcode
2020-03-06 17:16:32,646 INFO: select all items
2020-03-06 17:16:32,647 INFO: add items into cart
2020-03-06 17:16:32,647 INFO: select all itmes and 
2020-03-06 17:16:32,647 INFO: settlement
2020-03-06 17:16:32,647 INFO: submit order
2020-03-06 17:20:39,288 INFO: start to get qrcode
2020-03-06 17:20:56,768 INFO: start to get qrcode
2020-03-06 17:20:58,154 INFO: select all items
2020-03-06 17:20:58,155 INFO: add items into cart
2020-03-06 17:20:58,155 INFO: select all itmes and 
2020-03-06 17:20:58,155 INFO: settlement
2020-03-06 17:20:58,155 INFO: submit order
2020-03-06 17:21:29,486 INFO: start to get qrcode
2020-03-06 17:21:29,596 INFO: select all items
2020-03-06 17:21:29,596 INFO: add items into cart
2020-03-06 17:21:29,596 INFO: select all itmes and 
2020-03-06 17:21:29,596 INFO: settlement
2020-03-06 17:21:29,596 INFO: submit order
2020-03-06 17:21:53,851 INFO: start to get qrcode
2020-03-06 17:21:53,953 INFO: select all items
2020-03-06 17:21:53,953 INFO: add items into cart
2020-03-06 17:21:53,953 INFO: select all itmes and 
2020-03-06 17:21:53,953 INFO: settlement
2020-03-06 17:21:53,953 INFO: submit order
2020-03-06 17:23:04,977 INFO: start to get qrcode
2020-03-06 17:23:05,112 INFO: select all items
2020-03-06 17:23:05,112 INFO: add items into cart
2020-03-06 17:23:05,112 INFO: select all itmes and 
2020-03-06 17:23:05,112 INFO: settlement
2020-03-06 17:23:05,112 INFO: submit order
2020-03-06 17:23:18,986 INFO: start to get qrcode
2020-03-06 17:23:19,091 INFO: select all items
2020-03-06 17:23:19,092 INFO: add items into cart
2020-03-06 17:23:19,092 INFO: select all itmes and 
2020-03-06 17:23:19,092 INFO: settlement
2020-03-06 17:23:19,092 INFO: submit order
2020-03-06 17:23:31,372 INFO: start to get qrcode
2020-03-06 17:23:31,487 INFO: select all items
2020-03-06 17:23:31,487 INFO: add items into cart
2020-03-06 17:23:31,487 INFO: select all itmes and 
2020-03-06 17:23:31,487 INFO: settlement
2020-03-06 17:23:31,487 INFO: submit order
2020-03-06 18:27:36,157 INFO: generated new fontManager
2020-03-06 18:27:36,956 INFO: start to get qrcode
2020-03-06 18:27:37,540 INFO: select all items
2020-03-06 18:27:37,540 INFO: add items into cart
2020-03-06 18:27:37,540 INFO: select all itmes and 
2020-03-06 18:27:37,540 INFO: settlement
2020-03-06 18:27:37,540 INFO: submit order
2020-03-06 18:33:57,755 INFO: start to get qrcode
2020-03-06 18:33:58,326 INFO: select all items
2020-03-06 18:33:58,327 INFO: add items into cart
2020-03-06 18:33:58,327 INFO: select all itmes and 
2020-03-06 18:33:58,327 INFO: settlement
2020-03-06 18:33:58,327 INFO: submit order
2020-03-06 18:34:41,092 INFO: start to get qrcode
2020-03-06 18:34:41,555 INFO: select all items
2020-03-06 18:34:41,556 INFO: add items into cart
2020-03-06 18:34:41,556 INFO: select all itmes and 
2020-03-06 18:34:41,556 INFO: settlement
2020-03-06 18:34:41,556 INFO: submit order
2020-03-06 18:36:31,742 INFO: start to get qrcode
2020-03-06 18:36:32,210 INFO: select all items
2020-03-06 18:36:32,210 INFO: add items into cart
2020-03-06 18:36:32,210 INFO: select all itmes and 
2020-03-06 18:36:32,210 INFO: settlement
2020-03-06 18:36:32,211 INFO: submit order
2020-03-06 18:38:12,872 INFO: start to get qrcode
2020-03-06 18:38:13,353 INFO: select all items
2020-03-06 18:38:13,353 INFO: add items into cart
2020-03-06 18:38:13,353 INFO: select all itmes and 
2020-03-06 18:38:13,353 INFO: settlement
2020-03-06 18:38:13,354 INFO: submit order
2020-03-06 18:39:15,529 INFO: start to get qrcode
2020-03-06 18:39:21,218 INFO: select all items
2020-03-06 18:39:21,218 INFO: add items into cart
2020-03-06 18:39:21,218 INFO: select all itmes and 
2020-03-06 18:39:21,218 INFO: settlement
2020-03-06 18:39:21,218 INFO: submit order
