2020-03-05 17:15:00,537 INFO: 当前是V3版本
2020-03-05 17:15:00,921 INFO: 第【1】次请重新获取cookie
2020-03-05 17:15:05,945 INFO: 第【2】次请重新获取cookie
2020-03-05 17:58:20,658 INFO: 当前是V3版本
2020-03-05 17:58:21,762 INFO: 第【1】次请重新获取cookie
2020-03-05 17:58:27,540 INFO: 第【2】次请重新获取cookie
2020-03-05 18:03:33,031 INFO: 当前是V3版本
2020-03-05 18:03:33,948 INFO: 第【1】次请重新获取cookie
2020-03-05 18:03:39,702 INFO: 第【2】次请重新获取cookie
2020-03-05 18:04:07,178 INFO: 当前是V3版本
2020-03-05 18:04:07,538 INFO: 第【1】次请重新获取cookie
2020-03-05 18:04:12,563 INFO: 第【2】次请重新获取cookie
2020-03-05 18:11:11,632 INFO: 当前是V3版本
2020-03-05 18:11:12,608 INFO: 第【1】次请重新获取cookie
2020-03-05 18:11:18,361 INFO: 第【2】次请重新获取cookie
2020-03-06 10:17:16,487 INFO: 当前是V3版本
2020-03-06 10:17:17,010 INFO: 登录成功
2020-03-06 10:17:17,185 INFO: 登录账号名称jd_178642owo
2020-03-06 10:17:17,490 INFO: 清空购物车
2020-03-06 10:17:17,707 INFO: 6874723  已成功加入购物车
2020-03-06 10:17:17,708 INFO: 第1次 
2020-03-06 10:17:17,871 INFO: 检测[1]个口罩有货，[0]个口罩无货，[0]个口罩下柜，耗时[163]ms
2020-03-06 10:17:17,871 INFO: [6874723]类型口罩有货啦!马上下单
2020-03-06 10:17:29,575 INFO: 下单信息：{'address': '山东 青岛市 崂山区 北宅街道  天水路上流家园B区', 'receiver': '方鹏程 178****8197', 'total_price': '62.00', 'items': []}
2020-03-06 10:17:29,576 INFO: 第[1/3]次尝试提交订单
2020-03-06 10:17:29,730 INFO: 本次提交订单耗时[11859]毫秒
2020-03-06 10:17:29,730 INFO: 订单提交成功! 订单号：110843137372
2020-03-06 10:17:29,730 INFO: send mail -------------> https://item.jd.com/6874723.html 类型口罩，已经下单了。24小时内付款
2020-03-06 13:36:52,168 INFO: 当前是V3版本
2020-03-06 13:36:52,168 INFO: 当前是V3版本
2020-03-06 13:36:52,378 INFO: 第【1】次请重新获取cookie
2020-03-06 13:36:52,378 INFO: 第【1】次请重新获取cookie
2020-03-06 13:36:57,442 INFO: 第【2】次请重新获取cookie
2020-03-06 13:36:57,442 INFO: 第【2】次请重新获取cookie
2020-03-06 13:37:02,443 INFO: send mail -------------> 脚本登录cookie失效了，请重新登录
2020-03-06 13:37:02,443 INFO: send mail -------------> 脚本登录cookie失效了，请重新登录
2020-03-06 13:38:46,635 INFO: 当前是V3版本
2020-03-06 13:38:46,635 INFO: 当前是V3版本
2020-03-06 13:38:46,850 INFO: 第【1】次请重新获取cookie
2020-03-06 13:38:46,850 INFO: 第【1】次请重新获取cookie
2020-03-06 13:38:51,899 INFO: 第【2】次请重新获取cookie
2020-03-06 13:38:51,899 INFO: 第【2】次请重新获取cookie
2020-03-06 13:38:56,900 INFO: send mail -------------> 脚本登录cookie失效了，请重新登录
2020-03-06 13:38:56,900 INFO: send mail -------------> 脚本登录cookie失效了，请重新登录
2020-03-06 13:40:43,314 INFO: 当前是V3版本
2020-03-06 13:40:43,314 INFO: 当前是V3版本
2020-03-06 13:40:43,515 INFO: 第【1】次请重新获取cookie
2020-03-06 13:40:43,515 INFO: 第【1】次请重新获取cookie
2020-03-06 13:40:48,563 INFO: 第【2】次请重新获取cookie
2020-03-06 13:40:48,563 INFO: 第【2】次请重新获取cookie
2020-03-06 14:48:22,304 INFO: 当前是V3版本
2020-03-06 14:48:22,304 INFO: 当前是V3版本
2020-03-06 14:48:22,835 INFO: 登录成功
2020-03-06 14:48:22,835 INFO: 登录成功
2020-03-06 14:48:22,929 INFO: 登录账号名称jd_178642owo
2020-03-06 14:48:22,929 INFO: 登录账号名称jd_178642owo
2020-03-06 14:48:23,100 INFO: 清空购物车
2020-03-06 14:48:23,100 INFO: 清空购物车
2020-03-06 14:48:23,241 INFO: 6874723  已成功加入购物车
2020-03-06 14:48:23,241 INFO: 6874723  已成功加入购物车
2020-03-06 14:48:23,241 INFO: 第1次 
2020-03-06 14:48:23,241 INFO: 第1次 
2020-03-06 14:48:23,335 INFO: 检测[0]个口罩有货，[0]个口罩无货，[0]个口罩下柜，耗时[94]ms
2020-03-06 14:48:23,335 INFO: 检测[0]个口罩有货，[0]个口罩无货，[0]个口罩下柜，耗时[94]ms
2020-03-06 14:48:23,647 INFO: 第2次 
2020-03-06 14:48:23,647 INFO: 第2次 
2020-03-06 14:48:23,741 INFO: 检测[0]个口罩有货，[0]个口罩无货，[0]个口罩下柜，耗时[94]ms
2020-03-06 14:48:23,741 INFO: 检测[0]个口罩有货，[0]个口罩无货，[0]个口罩下柜，耗时[94]ms
2020-03-06 14:48:24,054 INFO: 第3次 
2020-03-06 14:48:24,054 INFO: 第3次 
2020-03-06 14:48:24,147 INFO: 检测[0]个口罩有货，[0]个口罩无货，[0]个口罩下柜，耗时[93]ms
2020-03-06 14:48:24,147 INFO: 检测[0]个口罩有货，[0]个口罩无货，[0]个口罩下柜，耗时[93]ms
2020-03-06 14:48:24,350 INFO: 第4次 
2020-03-06 14:48:24,350 INFO: 第4次 
2020-03-06 14:48:24,444 INFO: 检测[0]个口罩有货，[0]个口罩无货，[0]个口罩下柜，耗时[94]ms
2020-03-06 14:48:24,444 INFO: 检测[0]个口罩有货，[0]个口罩无货，[0]个口罩下柜，耗时[94]ms
2020-03-06 14:48:24,757 INFO: 第5次 
2020-03-06 14:48:24,757 INFO: 第5次 
2020-03-06 14:48:24,835 INFO: 检测[0]个口罩有货，[0]个口罩无货，[0]个口罩下柜，耗时[78]ms
2020-03-06 14:48:24,835 INFO: 检测[0]个口罩有货，[0]个口罩无货，[0]个口罩下柜，耗时[78]ms
2020-03-06 14:48:24,944 INFO: 第6次 
2020-03-06 14:48:24,944 INFO: 第6次 
2020-03-06 14:48:25,022 INFO: 检测[0]个口罩有货，[0]个口罩无货，[0]个口罩下柜，耗时[78]ms
2020-03-06 14:48:25,022 INFO: 检测[0]个口罩有货，[0]个口罩无货，[0]个口罩下柜，耗时[78]ms
2020-03-06 14:48:25,225 INFO: 第7次 
2020-03-06 14:48:25,225 INFO: 第7次 
2020-03-06 14:48:25,319 INFO: 检测[0]个口罩有货，[0]个口罩无货，[0]个口罩下柜，耗时[94]ms
2020-03-06 14:48:25,319 INFO: 检测[0]个口罩有货，[0]个口罩无货，[0]个口罩下柜，耗时[94]ms
2020-03-06 14:48:25,632 INFO: 第8次 
2020-03-06 14:48:25,632 INFO: 第8次 
2020-03-06 14:48:25,710 INFO: 检测[0]个口罩有货，[0]个口罩无货，[0]个口罩下柜，耗时[78]ms
2020-03-06 14:48:25,710 INFO: 检测[0]个口罩有货，[0]个口罩无货，[0]个口罩下柜，耗时[78]ms
2020-03-06 14:48:25,913 INFO: 第9次 
2020-03-06 14:48:25,913 INFO: 第9次 
2020-03-06 14:48:25,991 INFO: 检测[0]个口罩有货，[0]个口罩无货，[0]个口罩下柜，耗时[78]ms
2020-03-06 14:48:25,991 INFO: 检测[0]个口罩有货，[0]个口罩无货，[0]个口罩下柜，耗时[78]ms
2020-03-06 14:48:26,304 INFO: 第10次 
2020-03-06 14:48:26,304 INFO: 第10次 
2020-03-06 14:48:26,382 INFO: 检测[0]个口罩有货，[0]个口罩无货，[0]个口罩下柜，耗时[78]ms
2020-03-06 14:48:26,382 INFO: 检测[0]个口罩有货，[0]个口罩无货，[0]个口罩下柜，耗时[78]ms
2020-03-06 14:48:26,694 INFO: 第11次 
2020-03-06 14:48:26,694 INFO: 第11次 
2020-03-06 14:48:26,772 INFO: 检测[0]个口罩有货，[0]个口罩无货，[0]个口罩下柜，耗时[78]ms
2020-03-06 14:48:26,772 INFO: 检测[0]个口罩有货，[0]个口罩无货，[0]个口罩下柜，耗时[78]ms
2020-03-06 14:48:26,882 INFO: 第12次 
2020-03-06 14:48:26,882 INFO: 第12次 
2020-03-06 14:48:26,975 INFO: 检测[0]个口罩有货，[0]个口罩无货，[0]个口罩下柜，耗时[93]ms
2020-03-06 14:48:26,975 INFO: 检测[0]个口罩有货，[0]个口罩无货，[0]个口罩下柜，耗时[93]ms
2020-03-06 14:48:27,085 INFO: 第13次 
2020-03-06 14:48:27,085 INFO: 第13次 
2020-03-06 14:48:27,179 INFO: 检测[0]个口罩有货，[0]个口罩无货，[0]个口罩下柜，耗时[94]ms
2020-03-06 14:48:27,179 INFO: 检测[0]个口罩有货，[0]个口罩无货，[0]个口罩下柜，耗时[94]ms
2020-03-06 14:48:27,288 INFO: 第14次 
2020-03-06 14:48:27,288 INFO: 第14次 
2020-03-06 14:48:27,382 INFO: 检测[0]个口罩有货，[0]个口罩无货，[0]个口罩下柜，耗时[94]ms
2020-03-06 14:48:27,382 INFO: 检测[0]个口罩有货，[0]个口罩无货，[0]个口罩下柜，耗时[94]ms
2020-03-06 14:48:27,710 INFO: 第15次 
2020-03-06 14:48:27,710 INFO: 第15次 
2020-03-06 14:48:27,788 INFO: 检测[0]个口罩有货，[0]个口罩无货，[0]个口罩下柜，耗时[78]ms
2020-03-06 14:48:27,788 INFO: 检测[0]个口罩有货，[0]个口罩无货，[0]个口罩下柜，耗时[78]ms
2020-03-06 14:48:27,991 INFO: 第16次 
2020-03-06 14:48:27,991 INFO: 第16次 
2020-03-06 14:48:28,085 INFO: 检测[0]个口罩有货，[0]个口罩无货，[0]个口罩下柜，耗时[94]ms
2020-03-06 14:48:28,085 INFO: 检测[0]个口罩有货，[0]个口罩无货，[0]个口罩下柜，耗时[94]ms
2020-03-06 14:48:28,194 INFO: 第17次 
2020-03-06 14:48:28,194 INFO: 第17次 
2020-03-06 14:48:28,272 INFO: 检测[0]个口罩有货，[0]个口罩无货，[0]个口罩下柜，耗时[78]ms
2020-03-06 14:48:28,272 INFO: 检测[0]个口罩有货，[0]个口罩无货，[0]个口罩下柜，耗时[78]ms
2020-03-06 14:48:28,475 INFO: 第18次 
2020-03-06 14:48:28,475 INFO: 第18次 
2020-03-06 14:48:28,554 INFO: 检测[0]个口罩有货，[0]个口罩无货，[0]个口罩下柜，耗时[79]ms
2020-03-06 14:48:28,554 INFO: 检测[0]个口罩有货，[0]个口罩无货，[0]个口罩下柜，耗时[79]ms
2020-03-06 14:48:28,882 INFO: 第19次 
2020-03-06 14:48:28,882 INFO: 第19次 
2020-03-06 14:48:28,960 INFO: 检测[0]个口罩有货，[0]个口罩无货，[0]个口罩下柜，耗时[78]ms
2020-03-06 14:48:28,960 INFO: 检测[0]个口罩有货，[0]个口罩无货，[0]个口罩下柜，耗时[78]ms
2020-03-06 14:48:29,163 INFO: 第20次 
2020-03-06 14:48:29,163 INFO: 第20次 
2020-03-06 14:48:29,241 INFO: 检测[0]个口罩有货，[0]个口罩无货，[0]个口罩下柜，耗时[78]ms
2020-03-06 14:48:29,241 INFO: 检测[0]个口罩有货，[0]个口罩无货，[0]个口罩下柜，耗时[78]ms
2020-03-06 14:48:29,554 INFO: 第21次 
2020-03-06 14:48:29,554 INFO: 第21次 
